<?xml version="1.0" encoding="UTF-8"?>
<!-- Generated by org.testng.reporters.JUnitReportReporter -->
<testsuite hostname="DESKTOP-URFV0HQ" failures="0" tests="1" name="com.herokuapp.theinternet.ExceptionsTests" time="7.665" errors="0" timestamp="2023-01-19T17:51:49 EST" skipped="0">
  <testcase classname="com.herokuapp.theinternet.ExceptionsTests" name="noSuchElementExceptionTest" time="7.665"/>
  <system-out/>
</testsuite> <!-- com.herokuapp.theinternet.ExceptionsTests -->
