<?xml version="1.0" encoding="UTF-8"?>
<!-- Generated by org.testng.reporters.JUnitReportReporter -->
<testsuite hostname="DESKTOP-URFV0HQ" failures="0" tests="3" name="com.herokuapp.theinternet.LoginTests" time="26.048" errors="0" timestamp="2023-01-18T10:15:08 EST" skipped="0">
  <testcase classname="com.herokuapp.theinternet.LoginTests" name="positiveLoginTest" time="8.576"/>
  <system-out/>
  <testcase classname="com.herokuapp.theinternet.LoginTests" name="negativeLoginTest" time="7.537"/>
  <system-out/>
  <testcase classname="com.herokuapp.theinternet.LoginTests" name="negativeLoginTest" time="9.935"/>
  <system-out/>
</testsuite> <!-- com.herokuapp.theinternet.LoginTests -->
