<?xml version="1.0" encoding="UTF-8"?>
<!-- Generated by org.testng.reporters.JUnitReportReporter -->
<testsuite hostname="DESKTOP-URFV0HQ" failures="0" tests="1" name="com.herokuapp.theinternet.ExceptionsTests" time="7.743" errors="0" timestamp="2023-01-19T18:16:00 EST" skipped="0">
  <testcase classname="com.herokuapp.theinternet.ExceptionsTests" name="elementNotInteractableExceptionTest" time="7.743"/>
  <system-out/>
</testsuite> <!-- com.herokuapp.theinternet.ExceptionsTests -->
