<?xml version="1.0" encoding="UTF-8"?>
<!-- Generated by org.testng.reporters.JUnitReportReporter -->
<testsuite hostname="DESKTOP-URFV0HQ" failures="0" tests="3" name="com.herokuapp.theinternet.LoginTests" time="26.920" errors="0" timestamp="2023-01-21T17:22:46 EST" skipped="0">
  <testcase classname="com.herokuapp.theinternet.LoginTests" name="positiveLoginTest" time="9.258"/>
  <system-out/>
  <testcase classname="com.herokuapp.theinternet.LoginTests" name="negativeLoginTest" time="7.725"/>
  <system-out/>
  <testcase classname="com.herokuapp.theinternet.LoginTests" name="negativeLoginTest" time="9.937"/>
  <system-out/>
</testsuite> <!-- com.herokuapp.theinternet.LoginTests -->
